0 info it worked if it ends with ok
1 verbose cli [ 'e:\\Program Files\\nodejs\\node.exe',
1 verbose cli   'e:\\Program Files\\nodejs\\node_modules\\npm\\bin\\npm-cli.js',
1 verbose cli   'install',
1 verbose cli   'scss-lint' ]
2 info using npm@1.4.3
3 info using node@v0.10.26
4 warn package.json boca@0.1.0 No repository field.
5 verbose readDependencies using package.json deps
6 verbose cache add [ 'scss-lint', null ]
7 verbose cache add name=undefined spec="scss-lint" args=["scss-lint",null]
8 verbose parsed url { protocol: null,
8 verbose parsed url   slashes: null,
8 verbose parsed url   auth: null,
8 verbose parsed url   host: null,
8 verbose parsed url   port: null,
8 verbose parsed url   hostname: null,
8 verbose parsed url   hash: null,
8 verbose parsed url   search: null,
8 verbose parsed url   query: null,
8 verbose parsed url   pathname: 'scss-lint',
8 verbose parsed url   path: 'scss-lint',
8 verbose parsed url   href: 'scss-lint' }
9 silly lockFile 175dfd12-scss-lint scss-lint
10 verbose lock scss-lint C:\Users\Guilherme\AppData\Roaming\npm-cache\175dfd12-scss-lint.lock
11 silly lockFile 175dfd12-scss-lint scss-lint
12 silly lockFile 175dfd12-scss-lint scss-lint
13 verbose addNamed [ 'scss-lint', '' ]
14 verbose addNamed [ null, '*' ]
15 silly lockFile 3322e77e-scss-lint scss-lint@
16 verbose lock scss-lint@ C:\Users\Guilherme\AppData\Roaming\npm-cache\3322e77e-scss-lint.lock
17 silly addNameRange { name: 'scss-lint', range: '*', hasData: false }
18 verbose url raw scss-lint
19 verbose url resolving [ 'https://registry.npmjs.org/', './scss-lint' ]
20 verbose url resolved https://registry.npmjs.org/scss-lint
21 info trying registry request attempt 1 at 11:43:18
22 http GET https://registry.npmjs.org/scss-lint
23 http 404 https://registry.npmjs.org/scss-lint
24 silly registry.get cb [ 404,
24 silly registry.get   { date: 'Fri, 05 Sep 2014 14:43:19 GMT',
24 silly registry.get     server: 'CouchDB/1.5.0 (Erlang OTP/R16B03)',
24 silly registry.get     'content-type': 'application/json',
24 silly registry.get     'cache-control': 'max-age=0',
24 silly registry.get     'content-length': '52',
24 silly registry.get     'accept-ranges': 'bytes',
24 silly registry.get     via: '1.1 varnish',
24 silly registry.get     age: '0',
24 silly registry.get     'x-served-by': 'cache-at105-ATL',
24 silly registry.get     'x-cache': 'MISS',
24 silly registry.get     'x-cache-hits': '0',
24 silly registry.get     'x-timer': 'S1409928199.583411,VS0,VE87',
24 silly registry.get     'keep-alive': 'timeout=10, max=50',
24 silly registry.get     connection: 'Keep-Alive' } ]
25 silly lockFile 3322e77e-scss-lint scss-lint@
26 silly lockFile 3322e77e-scss-lint scss-lint@
27 error 404 'scss-lint' is not in the npm registry.
27 error 404 You should bug the author to publish it
27 error 404 It was specified as a dependency of 'boca'
27 error 404
27 error 404 Note that you can also install from a
27 error 404 tarball, folder, or http url, or git url.
28 error System Windows_NT 6.2.9200
29 error command "e:\\Program Files\\nodejs\\node.exe" "e:\\Program Files\\nodejs\\node_modules\\npm\\bin\\npm-cli.js" "install" "scss-lint"
30 error cwd e:\Program Files (x86)\wamp\www\boca\wp-content\themes\Boca
31 error node -v v0.10.26
32 error npm -v 1.4.3
33 error code E404
34 verbose exit [ 1, true ]
